app/build/outputs/logs/manifest-merger-debug-report.txt
-- Merging decision tree log ---
manifest
ADDED from src/main/AndroidManifest.xml:2:1-51:12
	package
		ADDED from src/main/AndroidManifest.xml:3:5-37
		INJECTED from src/main/AndroidManifest.xml
		INJECTED from src/main/AndroidManifest.xml
	android:versionName
		ADDED from src/main/AndroidManifest.xml:5:5-30
	android:versionCode
		ADDED from src/main/AndroidManifest.xml:4:5-28
		INJECTED from src/main/AndroidManifest.xml
		INJECTED from src/main/AndroidManifest.xml
	xmlns:android
		ADDED from src/main/AndroidManifest.xml:2:11-69
uses-permission#android.permission.WRITE_EXTERNAL_STORAGE
ADDED from src/main/AndroidManifest.xml:7:5-81
	android:name
		ADDED from src/main/AndroidManifest.xml:7:22-78
uses-permission#android.permission.READ_EXTERNAL_STORAGE
ADDED from src/main/AndroidManifest.xml:8:5-80
	android:name
		ADDED from src/main/AndroidManifest.xml:8:22-77
uses-feature#0x00020000
ADDED from src/main/AndroidManifest.xml:10:5-12:35
	android:glEsVersion
		ADDED from src/main/AndroidManifest.xml:11:9-41
	android:required
		ADDED from src/main/AndroidManifest.xml:12:9-32
application
ADDED from src/main/AndroidManifest.xml:14:5-49:19
MERGED from [com.android.support:appcompat-v7:23.1.1] AndroidManifest.xml:22:5-20
MERGED from [com.android.support:support-v4:23.1.1] AndroidManifest.xml:22:5-20
MERGED from [com.github.afollestad.material-dialogs:core:0.8.5.0] AndroidManifest.xml:13:5-20
MERGED from [com.android.support:appcompat-v7:23.1.1] AndroidManifest.xml:22:5-20
MERGED from [com.android.support:support-v4:23.1.1] AndroidManifest.xml:22:5-20
MERGED from [com.android.support:appcompat-v7:23.1.1] AndroidManifest.xml:22:5-20
MERGED from [com.android.support:support-v4:23.1.1] AndroidManifest.xml:22:5-20
MERGED from [com.android.support:support-v4:23.1.1] AndroidManifest.xml:22:5-20
MERGED from [com.android.support:support-v4:23.1.1] AndroidManifest.xml:22:5-20
MERGED from [com.android.support:appcompat-v7:23.1.1] AndroidManifest.xml:22:5-20
MERGED from [com.android.support:support-v4:23.1.1] AndroidManifest.xml:22:5-20
MERGED from [com.android.support:design:23.1.1] AndroidManifest.xml:22:5-20
MERGED from [com.android.support:appcompat-v7:23.1.1] AndroidManifest.xml:22:5-20
MERGED from [com.android.support:support-v4:23.1.1] AndroidManifest.xml:22:5-20
MERGED from [com.android.support:support-v4:23.1.1] AndroidManifest.xml:22:5-20
MERGED from [com.android.support:support-v4:23.1.1] AndroidManifest.xml:22:5-20
MERGED from [com.android.support:support-v4:23.1.1] AndroidManifest.xml:22:5-20
MERGED from [com.android.support:percent:23.1.0] AndroidManifest.xml:22:5-20
MERGED from [com.android.support:support-v4:23.1.1] AndroidManifest.xml:22:5-20
MERGED from [com.android.support:support-v4:23.1.1] AndroidManifest.xml:22:5-20
	android:label
		ADDED from src/main/AndroidManifest.xml:18:9-41
	android:allowBackup
		ADDED from src/main/AndroidManifest.xml:16:9-35
	android:icon
		ADDED from src/main/AndroidManifest.xml:17:9-45
	android:theme
		ADDED from src/main/AndroidManifest.xml:19:9-48
	android:name
		ADDED from src/main/AndroidManifest.xml:15:9-57
activity#edu.cg.wuyufei.activity.CardBoxActivity
ADDED from src/main/AndroidManifest.xml:20:9-28:20
	android:label
		ADDED from src/main/AndroidManifest.xml:22:13-45
	android:name
		ADDED from src/main/AndroidManifest.xml:21:13-67
intent-filter#android.intent.action.MAIN+android.intent.category.LAUNCHER
ADDED from src/main/AndroidManifest.xml:23:13-27:29
action#android.intent.action.MAIN
ADDED from src/main/AndroidManifest.xml:24:17-69
	android:name
		ADDED from src/main/AndroidManifest.xml:24:25-66
category#android.intent.category.LAUNCHER
ADDED from src/main/AndroidManifest.xml:26:17-77
	android:name
		ADDED from src/main/AndroidManifest.xml:26:27-74
activity#edu.cg.wuyufei.activity.CardActivity
ADDED from src/main/AndroidManifest.xml:29:9-31:68
	android:label
		ADDED from src/main/AndroidManifest.xml:31:13-56
	android:name
		ADDED from src/main/AndroidManifest.xml:30:13-64
activity#edu.cg.wuyufei.activity.DeleteActivity
ADDED from src/main/AndroidManifest.xml:32:9-35:64
	android:label
		ADDED from src/main/AndroidManifest.xml:34:13-58
	android:theme
		ADDED from src/main/AndroidManifest.xml:35:13-52
	android:name
		ADDED from src/main/AndroidManifest.xml:33:13-66
activity#edu.cg.wuyufei.activity.AddActivity
ADDED from src/main/AndroidManifest.xml:36:9-39:55
	android:label
		ADDED from src/main/AndroidManifest.xml:38:13-55
	android:theme
		ADDED from src/main/AndroidManifest.xml:39:13-52
	android:name
		ADDED from src/main/AndroidManifest.xml:37:13-63
activity#edu.cg.wuyufei.activity.MainActivity
ADDED from src/main/AndroidManifest.xml:40:9-43:55
	android:label
		ADDED from src/main/AndroidManifest.xml:42:13-59
	android:theme
		ADDED from src/main/AndroidManifest.xml:43:13-52
	android:name
		ADDED from src/main/AndroidManifest.xml:41:13-64
activity#edu.cg.wuyufei.activity.AboutUsActivity
ADDED from src/main/AndroidManifest.xml:44:9-48:63
	android:label
		ADDED from src/main/AndroidManifest.xml:47:13-60
	android:configChanges
		ADDED from src/main/AndroidManifest.xml:46:13-74
	android:theme
		ADDED from src/main/AndroidManifest.xml:48:13-51
	android:name
		ADDED from src/main/AndroidManifest.xml:45:13-67
uses-sdk
INJECTED from src/main/AndroidManifest.xml reason: use-sdk injection requested
MERGED from [com.android.support:appcompat-v7:23.1.1] AndroidManifest.xml:20:5-43
MERGED from [com.android.support:support-v4:23.1.1] AndroidManifest.xml:20:5-43
MERGED from [com.github.afollestad.material-dialogs:core:0.8.5.0] AndroidManifest.xml:8:5-11:75
MERGED from [me.zhanghai.android.materialprogressbar:library:1.1.4] AndroidManifest.xml:11:5-13:41
MERGED from [com.android.support:appcompat-v7:23.1.1] AndroidManifest.xml:20:5-43
MERGED from [com.android.support:support-v4:23.1.1] AndroidManifest.xml:20:5-43
MERGED from [com.android.support:appcompat-v7:23.1.1] AndroidManifest.xml:20:5-43
MERGED from [com.android.support:support-v4:23.1.1] AndroidManifest.xml:20:5-43
MERGED from [com.android.support:recyclerview-v7:23.1.1] AndroidManifest.xml:20:5-43
MERGED from [com.android.support:support-v4:23.1.1] AndroidManifest.xml:20:5-43
MERGED from [com.android.support:support-v4:23.1.1] AndroidManifest.xml:20:5-43
MERGED from [com.android.support:appcompat-v7:23.1.1] AndroidManifest.xml:20:5-43
MERGED from [com.android.support:support-v4:23.1.1] AndroidManifest.xml:20:5-43
MERGED from [org.rajawali3d:rajawali:1.0.186-SNAPSHOT] AndroidManifest.xml:8:5-10:41
MERGED from [com.android.support:design:23.1.1] AndroidManifest.xml:20:5-43
MERGED from [com.android.support:appcompat-v7:23.1.1] AndroidManifest.xml:20:5-43
MERGED from [com.android.support:support-v4:23.1.1] AndroidManifest.xml:20:5-43
MERGED from [com.android.support:recyclerview-v7:23.1.1] AndroidManifest.xml:20:5-43
MERGED from [com.android.support:support-v4:23.1.1] AndroidManifest.xml:20:5-43
MERGED from [com.android.support:support-v4:23.1.1] AndroidManifest.xml:20:5-43
MERGED from [com.android.support:recyclerview-v7:23.1.1] AndroidManifest.xml:20:5-43
MERGED from [com.android.support:support-v4:23.1.1] AndroidManifest.xml:20:5-43
MERGED from [com.android.support:percent:23.1.0] AndroidManifest.xml:20:5-43
MERGED from [com.android.support:support-v4:23.1.1] AndroidManifest.xml:20:5-43
MERGED from [com.android.support:support-v4:23.1.1] AndroidManifest.xml:20:5-43
	tools:overrideLibrary
		ADDED from [com.github.afollestad.material-dialogs:core:0.8.5.0] AndroidManifest.xml:11:9-72
	android:targetSdkVersion
		INJECTED from src/main/AndroidManifest.xml
		INJECTED from src/main/AndroidManifest.xml
	android:minSdkVersion
		INJECTED from src/main/AndroidManifest.xml
		INJECTED from src/main/AndroidManifest.xml